# JRE version: Java(TM) SE Runtime Environment (8.0_241-b07) (build 1.8.0_241-b07)
# Java VM: Java HotSpot(TM) 64-Bit Server VM (25.241-b07 mixed mode windows-amd64 compressed oops)
Heap:
 PSYoungGen      total 247296K, used 131462K [0x00000000d6200000, 0x00000000ec780000, 0x0000000100000000)
  eden space 239104K, 54% used [0x00000000d6200000,0x00000000de261990,0x00000000e4b80000)
  from space 8192K, 0% used [0x00000000e4b80000,0x00000000e4b80000,0x00000000e5380000)
  to   space 10240K, 0% used [0x00000000ebd80000,0x00000000ebd80000,0x00000000ec780000)
 ParOldGen       total 69120K, used 16460K [0x0000000082600000, 0x0000000086980000, 0x00000000d6200000)
  object space 69120K, 23% used [0x0000000082600000,0x00000000836130a8,0x0000000086980000)
 Metaspace       used 40517K, capacity 42394K, committed 42536K, reserved 1085440K
  class space    used 5304K, capacity 5614K, committed 5672K, reserved 1048576K
GC Heap History (10 events):
Event: 2.545 GC heap before
{Heap before GC invocations=7 (full 1):
 PSYoungGen      total 139264K, used 5177K [0x00000000d6200000, 0x00000000df200000, 0x0000000100000000)
  eden space 131072K, 0% used [0x00000000d6200000,0x00000000d6200000,0x00000000de200000)
  from space 8192K, 63% used [0x00000000dea00000,0x00000000def0e7d0,0x00000000df200000)
  to   space 8192K, 0% used [0x00000000de200000,0x00000000de200000,0x00000000dea00000)
 ParOldGen       total 86016K, used 3621K [0x0000000082600000, 0x0000000087a00000, 0x00000000d6200000)
  object space 86016K, 4% used [0x0000000082600000,0x0000000082989510,0x0000000087a00000)
 Metaspace       used 20609K, capacity 21140K, committed 21296K, reserved 1069056K
  class space    used 2471K, capacity 2638K, committed 2688K, reserved 1048576K
Event: 2.576 GC heap after
Heap after GC invocations=7 (full 1):
 PSYoungGen      total 139264K, used 0K [0x00000000d6200000, 0x00000000df200000, 0x0000000100000000)
  eden space 131072K, 0% used [0x00000000d6200000,0x00000000d6200000,0x00000000de200000)
  from space 8192K, 0% used [0x00000000dea00000,0x00000000dea00000,0x00000000df200000)
  to   space 8192K, 0% used [0x00000000de200000,0x00000000de200000,0x00000000dea00000)
 ParOldGen       total 45056K, used 5361K [0x0000000082600000, 0x0000000085200000, 0x00000000d6200000)
  object space 45056K, 11% used [0x0000000082600000,0x0000000082b3c5e0,0x0000000085200000)
 Metaspace       used 20607K, capacity 21134K, committed 21296K, reserved 1069056K
  class space    used 2470K, capacity 2637K, committed 2688K, reserved 1048576K
}
Event: 3.166 GC heap before
{Heap before GC invocations=8 (full 1):
 PSYoungGen      total 139264K, used 131072K [0x00000000d6200000, 0x00000000df200000, 0x0000000100000000)
  eden space 131072K, 100% used [0x00000000d6200000,0x00000000de200000,0x00000000de200000)
  from space 8192K, 0% used [0x00000000dea00000,0x00000000dea00000,0x00000000df200000)
  to   space 8192K, 0% used [0x00000000de200000,0x00000000de200000,0x00000000dea00000)
 ParOldGen       total 45056K, used 5361K [0x0000000082600000, 0x0000000085200000, 0x00000000d6200000)
  object space 45056K, 11% used [0x0000000082600000,0x0000000082b3c5e0,0x0000000085200000)
 Metaspace       used 23036K, capacity 23770K, committed 23936K, reserved 1071104K
  class space    used 2759K, capacity 2929K, committed 2944K, reserved 1048576K
Event: 3.174 GC heap after
Heap after GC invocations=8 (full 1):
 PSYoungGen      total 139264K, used 3738K [0x00000000d6200000, 0x00000000e5d80000, 0x0000000100000000)
  eden space 131072K, 0% used [0x00000000d6200000,0x00000000d6200000,0x00000000de200000)
  from space 8192K, 45% used [0x00000000de200000,0x00000000de5a6bc0,0x00000000dea00000)
  to   space 8192K, 0% used [0x00000000e5580000,0x00000000e5580000,0x00000000e5d80000)
 ParOldGen       total 45056K, used 5361K [0x0000000082600000, 0x0000000085200000, 0x00000000d6200000)
  object space 45056K, 11% used [0x0000000082600000,0x0000000082b3c5e0,0x0000000085200000)
 Metaspace       used 23036K, capacity 23770K, committed 23936K, reserved 1071104K
  class space    used 2759K, capacity 2929K, committed 2944K, reserved 1048576K
}
Event: 4.367 GC heap before
{Heap before GC invocations=9 (full 1):
 PSYoungGen      total 139264K, used 134810K [0x00000000d6200000, 0x00000000e5d80000, 0x0000000100000000)
  eden space 131072K, 100% used [0x00000000d6200000,0x00000000de200000,0x00000000de200000)
  from space 8192K, 45% used [0x00000000de200000,0x00000000de5a6bc0,0x00000000dea00000)
  to   space 8192K, 0% used [0x00000000e5580000,0x00000000e5580000,0x00000000e5d80000)
 ParOldGen       total 45056K, used 5361K [0x0000000082600000, 0x0000000085200000, 0x00000000d6200000)
  object space 45056K, 11% used [0x0000000082600000,0x0000000082b3c5e0,0x0000000085200000)
 Metaspace       used 26632K, capacity 27542K, committed 27776K, reserved 1073152K
  class space    used 3207K, capacity 3401K, committed 3456K, reserved 1048576K
Event: 4.378 GC heap after
Heap after GC invocations=9 (full 1):
 PSYoungGen      total 242688K, used 5712K [0x00000000d6200000, 0x00000000e5b80000, 0x0000000100000000)
  eden space 236544K, 0% used [0x00000000d6200000,0x00000000d6200000,0x00000000e4900000)
  from space 6144K, 92% used [0x00000000e5580000,0x00000000e5b14150,0x00000000e5b80000)
  to   space 8192K, 0% used [0x00000000e4b80000,0x00000000e4b80000,0x00000000e5380000)
 ParOldGen       total 45056K, used 5361K [0x0000000082600000, 0x0000000085200000, 0x00000000d6200000)
  object space 45056K, 11% used [0x0000000082600000,0x0000000082b3c5e0,0x0000000085200000)
 Metaspace       used 26632K, capacity 27542K, committed 27776K, reserved 1073152K
  class space    used 3207K, capacity 3401K, committed 3456K, reserved 1048576K
}
Event: 7.232 GC heap before
{Heap before GC invocations=10 (full 1):
 PSYoungGen      total 242688K, used 139739K [0x00000000d6200000, 0x00000000e5b80000, 0x0000000100000000)
  eden space 236544K, 56% used [0x00000000d6200000,0x00000000de4e2c20,0x00000000e4900000)
  from space 6144K, 92% used [0x00000000e5580000,0x00000000e5b14150,0x00000000e5b80000)
  to   space 8192K, 0% used [0x00000000e4b80000,0x00000000e4b80000,0x00000000e5380000)
 ParOldGen       total 45056K, used 5361K [0x0000000082600000, 0x0000000085200000, 0x00000000d6200000)
  object space 45056K, 11% used [0x0000000082600000,0x0000000082b3c5e0,0x0000000085200000)
 Metaspace       used 33774K, capacity 35404K, committed 35496K, reserved 1081344K
  class space    used 4216K, capacity 4506K, committed 4520K, reserved 1048576K
Event: 7.253 GC heap after
Heap after GC invocations=10 (full 1):
 PSYoungGen      total 247296K, used 8179K [0x00000000d6200000, 0x00000000ec780000, 0x0000000100000000)
  eden space 239104K, 0% used [0x00000000d6200000,0x00000000d6200000,0x00000000e4b80000)
  from space 8192K, 99% used [0x00000000e4b80000,0x00000000e537cf08,0x00000000e5380000)
  to   space 10240K, 0% used [0x00000000ebd80000,0x00000000ebd80000,0x00000000ec780000)
 ParOldGen       total 45056K, used 8950K [0x0000000082600000, 0x0000000085200000, 0x00000000d6200000)
  object space 45056K, 19% used [0x0000000082600000,0x0000000082ebdaa0,0x0000000085200000)
 Metaspace       used 33774K, capacity 35404K, committed 35496K, reserved 1081344K
  class space    used 4216K, capacity 4506K, committed 4520K, reserved 1048576K
}
Event: 7.253 GC heap before
{Heap before GC invocations=11 (full 2):
 PSYoungGen      total 247296K, used 8179K [0x00000000d6200000, 0x00000000ec780000, 0x0000000100000000)
  eden space 239104K, 0% used [0x00000000d6200000,0x00000000d6200000,0x00000000e4b80000)
  from space 8192K, 99% used [0x00000000e4b80000,0x00000000e537cf08,0x00000000e5380000)
  to   space 10240K, 0% used [0x00000000ebd80000,0x00000000ebd80000,0x00000000ec780000)
 ParOldGen       total 45056K, used 8950K [0x0000000082600000, 0x0000000085200000, 0x00000000d6200000)
  object space 45056K, 19% used [0x0000000082600000,0x0000000082ebdaa0,0x0000000085200000)
 Metaspace       used 33774K, capacity 35404K, committed 35496K, reserved 1081344K
  class space    used 4216K, capacity 4506K, committed 4520K, reserved 1048576K
Event: 7.358 GC heap after
Heap after GC invocations=11 (full 2):
 PSYoungGen      total 247296K, used 0K [0x00000000d6200000, 0x00000000ec780000, 0x0000000100000000)
  eden space 239104K, 0% used [0x00000000d6200000,0x00000000d6200000,0x00000000e4b80000)
  from space 8192K, 0% used [0x00000000e4b80000,0x00000000e4b80000,0x00000000e5380000)
  to   space 10240K, 0% used [0x00000000ebd80000,0x00000000ebd80000,0x00000000ec780000)
 ParOldGen       total 69120K, used 16460K [0x0000000082600000, 0x0000000086980000, 0x00000000d6200000)
  object space 69120K, 23% used [0x0000000082600000,0x00000000836130a8,0x0000000086980000)
 Metaspace       used 33774K, capacity 35404K, committed 35496K, reserved 1081344K
  class space    used 4216K, capacity 4506K, committed 4520K, reserved 1048576K
}

